<?xml version="1.0" encoding="UTF-8"?>
<testsuite name="proye.soft1.cliente.ApiControllerTest" tests="7" skipped="0" failures="0" errors="0" timestamp="2026-06-04T17:39:14.745Z" hostname="juan-Asus" time="0.266">
  <properties/>
  <testcase name="testCrearSolicitud()" classname="proye.soft1.cliente.ApiControllerTest" time="0.199"/>
  <testcase name="testRegistrarPago()" classname="proye.soft1.cliente.ApiControllerTest" time="0.018"/>
  <testcase name="testLoginSuccess()" classname="proye.soft1.cliente.ApiControllerTest" time="0.01"/>
  <testcase name="testAddPropiedadClienteNotFound()" classname="proye.soft1.cliente.ApiControllerTest" time="0.008"/>
  <testcase name="testLoginFailure()" classname="proye.soft1.cliente.ApiControllerTest" time="0.006"/>
  <testcase name="testRegisterExistingDocumento()" classname="proye.soft1.cliente.ApiControllerTest" time="0.007"/>
  <testcase name="testRegisterSuccess()" classname="proye.soft1.cliente.ApiControllerTest" time="0.006"/>
  <system-out><![CDATA[2026-06-04T12:39:13.197-05:00  INFO 114449 --- [    Test worker] t.c.s.AnnotationConfigContextLoaderUtils : Could not detect default configuration classes for test class [proye.soft1.cliente.ApiControllerTest]: ApiControllerTest does not declare any static, non-private, non-final, nested classes annotated with @Configuration.
2026-06-04T12:39:13.225-05:00  INFO 114449 --- [    Test worker] .b.t.c.SpringBootTestContextBootstrapper : Found @SpringBootConfiguration proye.soft1.cliente.ClienteApplication for test class proye.soft1.cliente.ApiControllerTest

  .   ____          _            __ _ _
 /\\ / ___'_ __ _ _(_)_ __  __ _ \ \ \ \
( ( )\___ | '_ | '_| | '_ \/ _` | \ \ \ \
 \\/  ___)| |_)| | | | | || (_| |  ) ) ) )
  '  |____| .__|_| |_|_| |_\__, | / / / /
 =========|_|==============|___/=/_/_/_/

 :: Spring Boot ::               (v3.5.14)

2026-06-04T12:39:13.257-05:00  INFO 114449 --- [    Test worker] proye.soft1.cliente.ApiControllerTest    : Starting ApiControllerTest using Java 21.0.10 with PID 114449 (started by root in /home/gon/JAristizabal/Proyecto-sw-BPM/software1.cliente)
2026-06-04T12:39:13.257-05:00  INFO 114449 --- [    Test worker] proye.soft1.cliente.ApiControllerTest    : No active profile set, falling back to 1 default profile: "default"
2026-06-04T12:39:14.415-05:00  INFO 114449 --- [    Test worker] o.s.b.a.w.s.WelcomePageHandlerMapping    : Adding welcome page: class path resource [static/index.html]
2026-06-04T12:39:14.709-05:00  INFO 114449 --- [    Test worker] o.s.b.t.m.w.SpringBootMockServletContext : Initializing Spring TestDispatcherServlet ''
2026-06-04T12:39:14.709-05:00  INFO 114449 --- [    Test worker] o.s.t.web.servlet.TestDispatcherServlet  : Initializing Servlet ''
2026-06-04T12:39:14.711-05:00  INFO 114449 --- [    Test worker] o.s.t.web.servlet.TestDispatcherServlet  : Completed initialization in 1 ms
2026-06-04T12:39:14.736-05:00  INFO 114449 --- [    Test worker] proye.soft1.cliente.ApiControllerTest    : Started ApiControllerTest in 1.507 seconds (process running for 6.861)
Enviando solicitud a plataforma empresa: proye.soft1.cliente.model.Solicitud@25af2afe
Enviando pago a API Externa: {esProcesoActivoSuspension=true, valorPagado=50000, idContrato=1, antesDeSuspension=false}
Disparando evento en Camunda: Pago Confirmado (POST /camunda/pagos/confirmado)
]]></system-out>
  <system-err><![CDATA[Mockito is currently self-attaching to enable the inline-mock-maker. This will no longer work in future releases of the JDK. Please add Mockito as an agent to your build as described in Mockito's documentation: https://javadoc.io/doc/org.mockito/mockito-core/latest/org.mockito/org/mockito/Mockito.html#0.3
WARNING: A Java agent has been loaded dynamically (/root/.gradle/caches/modules-2/files-2.1/net.bytebuddy/byte-buddy-agent/1.17.8/f09415827a71be7ed621c7bd02550678f28bc81c/byte-buddy-agent-1.17.8.jar)
WARNING: If a serviceability tool is in use, please run with -XX:+EnableDynamicAgentLoading to hide this warning
WARNING: If a serviceability tool is not in use, please run with -Djdk.instrument.traceUsage for more information
WARNING: Dynamic loading of agents will be disallowed by default in a future release
]]></system-err>
</testsuite>
